<?xml version="1.0" encoding="UTF-8"?>
<!-- Generated by org.testng.reporters.JUnitXMLReporter -->
<testsuite hostname="tolga-guducu" ignored="0" name="Surefire test" tests="0" failures="0" timestamp="2022-05-05T21:28:07 EET" time="0.416" errors="0">
  <testcase name="@BeforeClass setUpClass" time="0.396" classname="io.cucumber.testng.AbstractTestNGCucumberTests">
    <failure type="java.lang.IllegalArgumentException" message="Illegal group reference">
      <![CDATA[java.lang.IllegalArgumentException: Illegal group reference
at java.util.regex.Matcher.appendReplacement(Matcher.java:857)
at io.cucumber.cienvironment.VariableExpression.evaluate(VariableExpression.java:26)
at io.cucumber.cienvironment.CiEnvironmentImpl.detect(CiEnvironmentImpl.java:56)
at io.cucumber.cienvironment.DetectCiEnvironment.lambda$detectCiEnvironment$0(DetectCiEnvironment.java:19)
at java.util.stream.ReferencePipeline$3$1.accept(ReferencePipeline.java:193)
at java.util.Spliterators$ArraySpliterator.tryAdvance(Spliterators.java:958)
at java.util.stream.ReferencePipeline.forEachWithCancel(ReferencePipeline.java:126)
at java.util.stream.AbstractPipeline.copyIntoWithCancel(AbstractPipeline.java:499)
at java.util.stream.AbstractPipeline.copyInto(AbstractPipeline.java:486)
at java.util.stream.AbstractPipeline.wrapAndCopyInto(AbstractPipeline.java:472)
at java.util.stream.FindOps$FindOp.evaluateSequential(FindOps.java:152)
at java.util.stream.AbstractPipeline.evaluate(AbstractPipeline.java:234)
at java.util.stream.ReferencePipeline.findFirst(ReferencePipeline.java:464)
at io.cucumber.cienvironment.DetectCiEnvironment.detectCiEnvironment(DetectCiEnvironment.java:22)
at io.cucumber.core.runtime.CucumberExecutionContext.createMeta(CucumberExecutionContext.java:65)
at io.cucumber.core.runtime.CucumberExecutionContext.emitMeta(CucumberExecutionContext.java:55)
at io.cucumber.core.runtime.CucumberExecutionContext.startTestRun(CucumberExecutionContext.java:50)
at io.cucumber.testng.TestNGCucumberRunner.<init>(TestNGCucumberRunner.java:123)
at io.cucumber.testng.AbstractTestNGCucumberTests.setUpClass(AbstractTestNGCucumberTests.java:27)
at java.util.ArrayList.forEach(ArrayList.java:1257)
... Removed 30 stack frames]]>
    </failure>
  </testcase> <!-- @BeforeClass setUpClass -->
</testsuite> <!-- Surefire test -->
