-------------------------------------------------------------------------------
Test set: com.trendyol.hooks.runner
-------------------------------------------------------------------------------
Tests run: 1, Failures: 1, Errors: 0, Skipped: 0, Time elapsed: 1.049 s <<< FAILURE! - in com.trendyol.hooks.runner
com.trendyol.hooks.runner.setUpClass[org.testng.TestRunner@47faa49c](0)  Time elapsed: 0.916 s  <<< FAILURE!
java.lang.IllegalArgumentException: Illegal group reference

