-------------------------------------------------------------------------------
Test set: hooks.runner
-------------------------------------------------------------------------------
Tests run: 1, Failures: 1, Errors: 0, Skipped: 0, Time elapsed: 3.768 s <<< FAILURE! - in hooks.runner
hooks.runner.runScenario["Cinsiyet secimi yapilmadan basarili login", "Android Login"](1)  Time elapsed: 0.266 s  <<< FAILURE!
java.lang.IllegalArgumentException: Can not set io.appium.java_client.MobileElement field Pages.SplashPage.turkeyButton to org.openqa.selenium.remote.RemoteWebElement$$EnhancerByCGLIB$$d27c0df4

