<?xml version="1.0" encoding="UTF-8"?>
<!-- Generated by org.testng.reporters.JUnitReportReporter -->
<testsuite skipped="0" hostname="tolga-guducu" name="hooks.runner" tests="1" failures="0" timestamp="2022-05-05T19:54:31 EET" time="0.249" errors="1">
  <testcase name="runScenario" time="0.249" classname="hooks.runner">
    <error type="java.lang.IllegalArgumentException" message="Can not set io.appium.java_client.MobileElement field Pages.SplashPage.turkeyButton to org.openqa.selenium.remote.RemoteWebElement$$EnhancerByCGLIB$$d27c0df4">
      <![CDATA[java.lang.IllegalArgumentException: Can not set io.appium.java_client.MobileElement field Pages.SplashPage.turkeyButton to org.openqa.selenium.remote.RemoteWebElement$$EnhancerByCGLIB$$d27c0df4
at sun.reflect.UnsafeFieldAccessorImpl.throwSetIllegalArgumentException(UnsafeFieldAccessorImpl.java:167)
at sun.reflect.UnsafeFieldAccessorImpl.throwSetIllegalArgumentException(UnsafeFieldAccessorImpl.java:171)
at sun.reflect.UnsafeObjectFieldAccessorImpl.set(UnsafeObjectFieldAccessorImpl.java:81)
at java.lang.reflect.Field.set(Field.java:764)
at org.openqa.selenium.support.PageFactory.proxyFields(PageFactory.java:117)
at org.openqa.selenium.support.PageFactory.initElements(PageFactory.java:105)
at Pages.PageBase.<init>(PageBase.java:21)
at Pages.SplashPage.<init>(SplashPage.java:9)
at steps.LoginStepDefs.splashEkranindanTurkiyeSecilir(LoginStepDefs.java:31)
at âœ½.Splash Ekranindan Turkiye secilir(file:///C:/Users/hp/IdeaProjects/TolgaDeneme3Mayis/src/test/resources/features/AndroidLogin.feature:5)
]]>
    </error>
  </testcase> <!-- runScenario -->
  <system-out/>
</testsuite> <!-- hooks.runner -->
